//
// Design Resource Utilization Report
// Generated on: Wed 14 Oct 2015 15:56:26 +0100
//

Mean_Shift_Main_main_loop_cal_kArray_derv Total: 
4    Latchs : 3x32 1x1 
3    Equal Tos : 1x64 2x32 
3    Greater Thans : 3x32 
50   Registers : 24x32 26x1 
12   Nots : 12x1 
1    Memory : 1x32 
3    Less Than Or Equal Tos : 3x32 
5    Multiplys : 2x92 3x64 
32   Muxs : 29x32 3x1 
58   Ands : 58x1 
20   Adds : 12x64 8x32 
7    Subtracts : 7x32 
16   Ors : 16x1 

Design: Mean_Shift_Main_main_loop_cal_kArray_derv
-------------------------------------------------
Entry: Mean_Shift_Main_main_loop_cal_kArray_derv_kernelDerivation_instance
--------------------------------------------------------------------------
    Method: Mean_Shift_Main_main_loop_cal_kArray_derv_kernelDerivation
    ------------------------------------------------------------------
    4    Latchs : 3x32 1x1 
    1    Equal To : 1x64 
    3    Greater Thans : 3x32 
    34   Registers : 23x32 11x1 
    7    Nots : 7x1 
    3    Less Than Or Equal Tos : 3x32 
    5    Multiplys : 2x92 3x64 
    26   Muxs : 25x32 1x1 
    32   Ands : 32x1 
    16   Adds : 10x64 6x32 
    5    Subtracts : 5x32 
    6    Ors : 6x1 

    Method Total:
    4    Latchs : 3x32 1x1 
    1    Equal To : 1x64 
    3    Greater Thans : 3x32 
    34   Registers : 23x32 11x1 
    7    Nots : 7x1 
    3    Less Than Or Equal Tos : 3x32 
    5    Multiplys : 2x92 3x64 
    26   Muxs : 25x32 1x1 
    32   Ands : 32x1 
    16   Adds : 10x64 6x32 
    5    Subtracts : 5x32 
    6    Ors : 6x1 
    -------------
---------------------------------------------------------------------------------
Entry: Mean_Shift_Main_main_loop_cal_kArray_derv_kernelDerivation_instance Total: 
4    Latchs : 3x32 1x1 
1    Equal To : 1x64 
3    Greater Thans : 3x32 
34   Registers : 23x32 11x1 
7    Nots : 7x1 
3    Less Than Or Equal Tos : 3x32 
5    Multiplys : 2x92 3x64 
26   Muxs : 25x32 1x1 
32   Ands : 32x1 
16   Adds : 10x64 6x32 
5    Subtracts : 5x32 
6    Ors : 6x1 
---------------------------------------------------------------------------------

Entry: Mean_Shift_Main_main_loop_cal_kArray_derv_sendData_instance
------------------------------------------------------------------
    Method: Mean_Shift_Main_main_loop_cal_kArray_derv_sendData
    ----------------------------------------------------------
    4    Muxs : 4x32 
    9    Ands : 9x1 
    2    Equal Tos : 2x32 
    4    Registers : 1x32 3x1 
    2    Nots : 2x1 
    4    Adds : 2x64 2x32 
    1    Memory : 1x32 
    2    Subtracts : 2x32 
    1    Or : 1x1 

    Method Total:
    4    Muxs : 4x32 
    9    Ands : 9x1 
    2    Equal Tos : 2x32 
    4    Registers : 1x32 3x1 
    2    Nots : 2x1 
    4    Adds : 2x64 2x32 
    1    Memory : 1x32 
    2    Subtracts : 2x32 
    1    Or : 1x1 
    -------------
-------------------------------------------------------------------------
Entry: Mean_Shift_Main_main_loop_cal_kArray_derv_sendData_instance Total: 
4    Muxs : 4x32 
9    Ands : 9x1 
2    Equal Tos : 2x32 
4    Registers : 1x32 3x1 
2    Nots : 2x1 
4    Adds : 2x64 2x32 
1    Memory : 1x32 
2    Subtracts : 2x32 
1    Or : 1x1 
-------------------------------------------------------------------------

Entry: Mean_Shift_Main_main_loop_cal_kArray_derv_scheduler_instance
-------------------------------------------------------------------
    Method: Mean_Shift_Main_main_loop_cal_kArray_derv_scheduler
    -----------------------------------------------------------
    2    Muxs : 2x1 
    17   Ands : 17x1 
    12   Registers : 12x1 
    3    Nots : 3x1 
    9    Ors : 9x1 

    Method Total:
    2    Muxs : 2x1 
    17   Ands : 17x1 
    12   Registers : 12x1 
    3    Nots : 3x1 
    9    Ors : 9x1 
    -------------
--------------------------------------------------------------------------
Entry: Mean_Shift_Main_main_loop_cal_kArray_derv_scheduler_instance Total: 
2    Muxs : 2x1 
17   Ands : 17x1 
12   Registers : 12x1 
3    Nots : 3x1 
9    Ors : 9x1 
--------------------------------------------------------------------------

