Release 14.7 Map P.20131013 (nt64)
Xilinx Mapping Report File for Design 'Add_array'

Design Information
------------------
Command Line   : map -intstyle ise -p xc7z010-clg400-3 -w -logic_opt off -ol
high -t 1 -xt 0 -register_duplication off -r 4 -mt off -ir off -pr off -lc off
-power off -o Add_array_map.ncd Add_array.ngd Add_array.pcf 
Target Device  : xc7z010
Target Package : clg400
Target Speed   : -3
Mapper Version : zynq -- $Revision: 1.55 $
Mapped Date    : Sun Nov 01 09:43:24 2015

Design Summary
--------------
Number of errors   :   1
Number of warnings :   0

Section 1 - Errors
------------------
ERROR:Security:9c - No 'ISE' nor 'WebPack' feature version 2013.10 was available
for part 'xc7z010'.
ERROR:Map:258 - A problem was encountered attempting to get the license for this
   architecture. 

Section 2 - Warnings
--------------------
WARNING:Security:43 - No license file was found in the standard Xilinx license
directory.
WARNING:Security:44 - Since no license file was found,

Section 3 - Informational
-------------------------
INFO:Security:51 - The XILINXD_LICENSE_FILE environment variable is not set.
INFO:Security:53 - The LM_LICENSE_FILE environment variable is not set.
INFO:Security:54 - 'xc7z010' is a WebPack part.
INFO:Security:68a - user is Mita, on host MITA-PC.
