Running: C:\Xilinx\14.7\ISE_DS\ISE\bin\nt64\unwrapped\fuse.exe -intstyle ise -incremental -lib secureip -o C:/Users/Mita/Documents/VIBOT/Robotic Project/Mita_Playground/imadder/imgadder_test_isim_beh.exe -prj C:/Users/Mita/Documents/VIBOT/Robotic Project/Mita_Playground/imadder/imgadder_test_beh.prj work.imgadder_test 
ISim P.20131013 (signature 0x7708f090)
Number of CPUs detected in this system: 4
Turning on mult-threading, number of parallel sub-compilation jobs: 8 
Determining compilation order of HDL files
Parsing VHDL file "C:/Users/Mita/Documents/VIBOT/Robotic Project/Mita_Playground/imadder/../imadder.vhd" into library work
Parsing VHDL file "C:/Users/Mita/Documents/VIBOT/Robotic Project/Mita_Playground/imadder/../imgadder_test.vhd" into library work
Starting static elaboration
Completed static elaboration
Compiling package standard
Compiling package std_logic_1164
Compiling package std_logic_arith
Compiling package std_logic_unsigned
Compiling package numeric_std
Compiling package math_real
Compiling package textio
Compiling package std_logic_textio
Compiling architecture behavioral of entity imadder [imadder_default]
Compiling architecture behavioral of entity imgadder_test
Time Resolution for simulation is 1ps.
Waiting for 2 sub-compilation(s) to finish...
Compiled 11 VHDL Units
Built simulation executable C:/Users/Mita/Documents/VIBOT/Robotic Project/Mita_Playground/imadder/imgadder_test_isim_beh.exe
Fuse Memory Usage: 37056 KB
Fuse CPU Usage: 843 ms
